Determining if the pthread_create exist failed with the following output:
Change Dir: /home/himan_bramh/rucoin/build/release/CMakeFiles/CMakeTmp

Run Build Command:"/usr/bin/make" "cmTC_190f8/fast"
make[1]: Entering directory '/home/himan_bramh/rucoin/build/release/CMakeFiles/CMakeTmp'
/usr/bin/make -f CMakeFiles/cmTC_190f8.dir/build.make CMakeFiles/cmTC_190f8.dir/build
make[2]: Entering directory '/home/himan_bramh/rucoin/build/release/CMakeFiles/CMakeTmp'
Building C object CMakeFiles/cmTC_190f8.dir/CheckSymbolExists.c.o
/usr/bin/cc     -o CMakeFiles/cmTC_190f8.dir/CheckSymbolExists.c.o   -c /home/himan_bramh/rucoin/build/release/CMakeFiles/CMakeTmp/CheckSymbolExists.c
Linking C executable cmTC_190f8
/usr/bin/cmake -E cmake_link_script CMakeFiles/cmTC_190f8.dir/link.txt --verbose=1
/usr/bin/cc       CMakeFiles/cmTC_190f8.dir/CheckSymbolExists.c.o  -o cmTC_190f8 -rdynamic 
CMakeFiles/cmTC_190f8.dir/CheckSymbolExists.c.o: In function `main':
CheckSymbolExists.c:(.text+0x16): undefined reference to `pthread_create'
collect2: error: ld returned 1 exit status
CMakeFiles/cmTC_190f8.dir/build.make:97: recipe for target 'cmTC_190f8' failed
make[2]: *** [cmTC_190f8] Error 1
make[2]: Leaving directory '/home/himan_bramh/rucoin/build/release/CMakeFiles/CMakeTmp'
Makefile:126: recipe for target 'cmTC_190f8/fast' failed
make[1]: *** [cmTC_190f8/fast] Error 2
make[1]: Leaving directory '/home/himan_bramh/rucoin/build/release/CMakeFiles/CMakeTmp'

File /home/himan_bramh/rucoin/build/release/CMakeFiles/CMakeTmp/CheckSymbolExists.c:
/* */
#include <pthread.h>

int main(int argc, char** argv)
{
  (void)argv;
#ifndef pthread_create
  return ((int*)(&pthread_create))[argc];
#else
  (void)argc;
  return 0;
#endif
}

Determining if the function memset_s exists in the c failed with the following output:
Change Dir: /home/himan_bramh/rucoin/build/release/CMakeFiles/CMakeTmp

Run Build Command:"/usr/bin/make" "cmTC_c8fee/fast"
make[1]: Entering directory '/home/himan_bramh/rucoin/build/release/CMakeFiles/CMakeTmp'
/usr/bin/make -f CMakeFiles/cmTC_c8fee.dir/build.make CMakeFiles/cmTC_c8fee.dir/build
make[2]: Entering directory '/home/himan_bramh/rucoin/build/release/CMakeFiles/CMakeTmp'
Building C object CMakeFiles/cmTC_c8fee.dir/CheckFunctionExists.c.o
/usr/bin/cc    -DCHECK_FUNCTION_EXISTS=memset_s   -o CMakeFiles/cmTC_c8fee.dir/CheckFunctionExists.c.o   -c /usr/share/cmake-3.5/Modules/CheckFunctionExists.c
Linking C executable cmTC_c8fee
/usr/bin/cmake -E cmake_link_script CMakeFiles/cmTC_c8fee.dir/link.txt --verbose=1
/usr/bin/cc   -DCHECK_FUNCTION_EXISTS=memset_s    CMakeFiles/cmTC_c8fee.dir/CheckFunctionExists.c.o  -o cmTC_c8fee  -L/home/himan_bramh/rucoin/build/release/CMakeFiles/CMakeTmp/string.h -rdynamic -lc -Wl,-rpath,/home/himan_bramh/rucoin/build/release/CMakeFiles/CMakeTmp/string.h 
CMakeFiles/cmTC_c8fee.dir/CheckFunctionExists.c.o: In function `main':
CheckFunctionExists.c:(.text+0x15): undefined reference to `memset_s'
collect2: error: ld returned 1 exit status
CMakeFiles/cmTC_c8fee.dir/build.make:97: recipe for target 'cmTC_c8fee' failed
make[2]: *** [cmTC_c8fee] Error 1
make[2]: Leaving directory '/home/himan_bramh/rucoin/build/release/CMakeFiles/CMakeTmp'
Makefile:126: recipe for target 'cmTC_c8fee/fast' failed
make[1]: *** [cmTC_c8fee/fast] Error 2
make[1]: Leaving directory '/home/himan_bramh/rucoin/build/release/CMakeFiles/CMakeTmp'


Determining if the function explicit_bzero exists in the c failed with the following output:
Change Dir: /home/himan_bramh/rucoin/build/release/CMakeFiles/CMakeTmp

Run Build Command:"/usr/bin/make" "cmTC_ebf48/fast"
make[1]: Entering directory '/home/himan_bramh/rucoin/build/release/CMakeFiles/CMakeTmp'
/usr/bin/make -f CMakeFiles/cmTC_ebf48.dir/build.make CMakeFiles/cmTC_ebf48.dir/build
make[2]: Entering directory '/home/himan_bramh/rucoin/build/release/CMakeFiles/CMakeTmp'
Building C object CMakeFiles/cmTC_ebf48.dir/CheckFunctionExists.c.o
/usr/bin/cc    -DCHECK_FUNCTION_EXISTS=explicit_bzero   -o CMakeFiles/cmTC_ebf48.dir/CheckFunctionExists.c.o   -c /usr/share/cmake-3.5/Modules/CheckFunctionExists.c
Linking C executable cmTC_ebf48
/usr/bin/cmake -E cmake_link_script CMakeFiles/cmTC_ebf48.dir/link.txt --verbose=1
/usr/bin/cc   -DCHECK_FUNCTION_EXISTS=explicit_bzero    CMakeFiles/cmTC_ebf48.dir/CheckFunctionExists.c.o  -o cmTC_ebf48  -L/home/himan_bramh/rucoin/build/release/CMakeFiles/CMakeTmp/strings.h -rdynamic -lc -Wl,-rpath,/home/himan_bramh/rucoin/build/release/CMakeFiles/CMakeTmp/strings.h 
CMakeFiles/cmTC_ebf48.dir/CheckFunctionExists.c.o: In function `main':
CheckFunctionExists.c:(.text+0x15): undefined reference to `explicit_bzero'
collect2: error: ld returned 1 exit status
CMakeFiles/cmTC_ebf48.dir/build.make:97: recipe for target 'cmTC_ebf48' failed
make[2]: *** [cmTC_ebf48] Error 1
make[2]: Leaving directory '/home/himan_bramh/rucoin/build/release/CMakeFiles/CMakeTmp'
Makefile:126: recipe for target 'cmTC_ebf48/fast' failed
make[1]: *** [cmTC_ebf48/fast] Error 2
make[1]: Leaving directory '/home/himan_bramh/rucoin/build/release/CMakeFiles/CMakeTmp'


Determining if the -Wl,-z,noexecheap linker flag is suppored failed with the following output:
Change Dir: /home/himan_bramh/rucoin/build/release/CMakeFiles/CMakeTmp

Run Build Command:"/usr/bin/make" "cmTC_837f5/fast"
make[1]: Entering directory '/home/himan_bramh/rucoin/build/release/CMakeFiles/CMakeTmp'
/usr/bin/make -f CMakeFiles/cmTC_837f5.dir/build.make CMakeFiles/cmTC_837f5.dir/build
make[2]: Entering directory '/home/himan_bramh/rucoin/build/release/CMakeFiles/CMakeTmp'
Building C object CMakeFiles/cmTC_837f5.dir/CheckLinkerFlag.c.o
/usr/bin/cc    -Wl,-z,noexecheap    -Wl,-z,noexecheap -o CMakeFiles/cmTC_837f5.dir/CheckLinkerFlag.c.o   -c /home/himan_bramh/rucoin/cmake/CheckLinkerFlag.c
Linking C executable cmTC_837f5
/usr/bin/cmake -E cmake_link_script CMakeFiles/cmTC_837f5.dir/link.txt --verbose=1
/usr/bin/cc  -Wl,-z,noexecheap     CMakeFiles/cmTC_837f5.dir/CheckLinkerFlag.c.o  -o cmTC_837f5 -rdynamic 
/usr/bin/ld: warning: -z noexecheap ignored.
make[2]: Leaving directory '/home/himan_bramh/rucoin/build/release/CMakeFiles/CMakeTmp'
make[1]: Leaving directory '/home/himan_bramh/rucoin/build/release/CMakeFiles/CMakeTmp'


